-------------------------------------------------------------------------------
Test set: br.com.teste.auttomatizados.test.GoogleTest
-------------------------------------------------------------------------------
Tests run: 1, Failures: 1, Errors: 0, Skipped: 0, Time elapsed: 15.12 s <<< FAILURE! -- in br.com.teste.auttomatizados.test.GoogleTest
br.com.teste.auttomatizados.test.GoogleTest.TC002_deveSerPossivelPesquisarNoGoogleOTextoNutella -- Time elapsed: 10.66 s <<< FAILURE!
org.opentest4j.AssertionFailedError: expected: <true> but was: <false>
	at org.junit.jupiter.api.AssertionFailureBuilder.build(AssertionFailureBuilder.java:151)
	at org.junit.jupiter.api.AssertionFailureBuilder.buildAndThrow(AssertionFailureBuilder.java:132)
	at org.junit.jupiter.api.AssertTrue.failNotTrue(AssertTrue.java:63)
	at org.junit.jupiter.api.AssertTrue.assertTrue(AssertTrue.java:36)
	at org.junit.jupiter.api.Assertions.assertTrue(Assertions.java:214)
	at br.com.teste.auttomatizados.test.GoogleTest.TC002_deveSerPossivelPesquisarNoGoogleOTextoNutella(GoogleTest.java:33)
	at java.base/java.lang.reflect.Method.invoke(Method.java:580)
	at java.base/java.util.ArrayList.forEach(ArrayList.java:1596)
	at java.base/java.util.ArrayList.forEach(ArrayList.java:1596)

